<?xml version="1.0" encoding="UTF-8"?>
<testng-results ignored="0" total="1" passed="1" failed="0" skipped="0">
  <reporter-output>
  </reporter-output>
  <suite started-at="2025-03-29T09:47:55 IST" name="Default suite" finished-at="2025-03-29T09:47:55 IST" duration-ms="94">
    <groups>
    </groups>
    <test started-at="2025-03-29T09:47:55 IST" name="Default test" finished-at="2025-03-29T09:47:55 IST" duration-ms="94">
      <class name="com.selenium.SampleBranch">
        <test-method signature="demo()[pri:0, instance:com.selenium.SampleBranch@206a70ef]" started-at="2025-03-29T09:47:55 IST" name="demo" finished-at="2025-03-29T09:47:55 IST" duration-ms="15" status="PASS">
          <reporter-output>
          </reporter-output>
        </test-method> <!-- demo -->
      </class> <!-- com.selenium.SampleBranch -->
    </test> <!-- Default test -->
  </suite> <!-- Default suite -->
</testng-results>
